<?xml version="1.0" encoding="UTF-8"?>
<coverage generated="1696266303738" clover="3.2.0">
  <project timestamp="1696266303738" name="All files">
    <metrics statements="63" coveredstatements="37" conditionals="18" coveredconditionals="2" methods="18" coveredmethods="10" elements="99" coveredelements="49" complexity="0" loc="63" ncloc="63" packages="10" files="12" classes="12"/>
    <package name="app">
      <metrics statements="6" coveredstatements="6" conditionals="0" coveredconditionals="0" methods="2" coveredmethods="2"/>
      <file name="App.tsx" path="/home/rvm/Projects/mern-app/client/src/app/App.tsx">
        <metrics statements="6" coveredstatements="6" conditionals="0" coveredconditionals="0" methods="2" coveredmethods="2"/>
        <line num="7" count="1" type="stmt"/>
        <line num="8" count="1" type="stmt"/>
        <line num="10" count="1" type="stmt"/>
        <line num="11" count="1" type="stmt"/>
        <line num="14" count="1" type="stmt"/>
        <line num="15" count="1" type="stmt"/>
      </file>
    </package>
    <package name="app.providers.rtk-provider">
      <metrics statements="0" coveredstatements="0" conditionals="0" coveredconditionals="0" methods="0" coveredmethods="0"/>
      <file name="index.ts" path="/home/rvm/Projects/mern-app/client/src/app/providers/rtk-provider/index.ts">
        <metrics statements="0" coveredstatements="0" conditionals="0" coveredconditionals="0" methods="0" coveredmethods="0"/>
      </file>
    </package>
    <package name="app.providers.rtk-provider.config">
      <metrics statements="27" coveredstatements="13" conditionals="10" coveredconditionals="1" methods="7" coveredmethods="4"/>
      <file name="reducerManager.ts" path="/home/rvm/Projects/mern-app/client/src/app/providers/rtk-provider/config/reducerManager.ts">
        <metrics statements="20" coveredstatements="6" conditionals="10" coveredconditionals="1" methods="5" coveredmethods="2"/>
        <line num="13" count="1" type="stmt"/>
        <line num="17" count="1" type="stmt"/>
        <line num="19" count="1" type="stmt"/>
        <line num="21" count="1" type="stmt"/>
        <line num="22" count="0" type="stmt"/>
        <line num="25" count="2" type="cond" truecount="1" falsecount="1"/>
        <line num="26" count="0" type="stmt"/>
        <line num="28" count="0" type="stmt"/>
        <line num="29" count="0" type="stmt"/>
        <line num="32" count="0" type="stmt"/>
        <line num="35" count="2" type="stmt"/>
        <line num="39" count="0" type="cond" truecount="0" falsecount="4"/>
        <line num="40" count="0" type="stmt"/>
        <line num="43" count="0" type="stmt"/>
        <line num="45" count="0" type="stmt"/>
        <line num="49" count="0" type="cond" truecount="0" falsecount="4"/>
        <line num="50" count="0" type="stmt"/>
        <line num="53" count="0" type="stmt"/>
        <line num="55" count="0" type="stmt"/>
        <line num="57" count="0" type="stmt"/>
      </file>
      <file name="reducers.ts" path="/home/rvm/Projects/mern-app/client/src/app/providers/rtk-provider/config/reducers.ts">
        <metrics statements="1" coveredstatements="1" conditionals="0" coveredconditionals="0" methods="0" coveredmethods="0"/>
        <line num="7" count="1" type="stmt"/>
      </file>
      <file name="root.ts" path="/home/rvm/Projects/mern-app/client/src/app/providers/rtk-provider/config/root.ts">
        <metrics statements="6" coveredstatements="6" conditionals="0" coveredconditionals="0" methods="2" coveredmethods="2"/>
        <line num="10" count="1" type="stmt"/>
        <line num="13" count="1" type="stmt"/>
        <line num="17" count="1" type="stmt"/>
        <line num="22" count="1" type="stmt"/>
        <line num="29" count="1" type="stmt"/>
        <line num="31" count="1" type="stmt"/>
      </file>
    </package>
    <package name="app.providers.rtk-provider.hooks">
      <metrics statements="6" coveredstatements="3" conditionals="0" coveredconditionals="0" methods="2" coveredmethods="0"/>
      <file name="index.ts" path="/home/rvm/Projects/mern-app/client/src/app/providers/rtk-provider/hooks/index.ts">
        <metrics statements="6" coveredstatements="3" conditionals="0" coveredconditionals="0" methods="2" coveredmethods="0"/>
        <line num="7" count="1" type="stmt"/>
        <line num="8" count="1" type="stmt"/>
        <line num="10" count="1" type="stmt"/>
        <line num="11" count="0" type="stmt"/>
        <line num="13" count="0" type="stmt"/>
        <line num="14" count="0" type="stmt"/>
      </file>
    </package>
    <package name="app.providers.rtk-provider.ui">
      <metrics statements="2" coveredstatements="2" conditionals="0" coveredconditionals="0" methods="1" coveredmethods="1"/>
      <file name="StoreProvider.tsx" path="/home/rvm/Projects/mern-app/client/src/app/providers/rtk-provider/ui/StoreProvider.tsx">
        <metrics statements="2" coveredstatements="2" conditionals="0" coveredconditionals="0" methods="1" coveredmethods="1"/>
        <line num="12" count="1" type="stmt"/>
        <line num="16" count="1" type="stmt"/>
      </file>
    </package>
    <package name="features.login">
      <metrics statements="0" coveredstatements="0" conditionals="0" coveredconditionals="0" methods="0" coveredmethods="0"/>
      <file name="index.ts" path="/home/rvm/Projects/mern-app/client/src/features/login/index.ts">
        <metrics statements="0" coveredstatements="0" conditionals="0" coveredconditionals="0" methods="0" coveredmethods="0"/>
      </file>
    </package>
    <package name="features.login.model.api">
      <metrics statements="9" coveredstatements="4" conditionals="4" coveredconditionals="0" methods="1" coveredmethods="1"/>
      <file name="login.ts" path="/home/rvm/Projects/mern-app/client/src/features/login/model/api/login.ts">
        <metrics statements="9" coveredstatements="4" conditionals="4" coveredconditionals="0" methods="1" coveredmethods="1"/>
        <line num="4" count="1" type="stmt"/>
        <line num="7" count="1" type="stmt"/>
        <line num="9" count="1" type="stmt"/>
        <line num="10" count="1" type="stmt"/>
        <line num="12" count="0" type="cond" truecount="0" falsecount="2"/>
        <line num="13" count="0" type="stmt"/>
        <line num="16" count="0" type="stmt"/>
        <line num="18" count="0" type="cond" truecount="0" falsecount="2"/>
        <line num="19" count="0" type="stmt"/>
      </file>
    </package>
    <package name="features.login.model.slice">
      <metrics statements="9" coveredstatements="5" conditionals="2" coveredconditionals="0" methods="5" coveredmethods="2"/>
      <file name="loginSlice.ts" path="/home/rvm/Projects/mern-app/client/src/features/login/model/slice/loginSlice.ts">
        <metrics statements="9" coveredstatements="5" conditionals="2" coveredconditionals="0" methods="5" coveredmethods="2"/>
        <line num="5" count="1" type="stmt"/>
        <line num="11" count="1" type="stmt"/>
        <line num="16" count="0" type="stmt"/>
        <line num="20" count="1" type="stmt"/>
        <line num="22" count="1" type="stmt"/>
        <line num="25" count="0" type="stmt"/>
        <line num="28" count="0" type="stmt"/>
        <line num="29" count="0" type="cond" truecount="0" falsecount="2"/>
        <line num="34" count="1" type="stmt"/>
      </file>
    </package>
    <package name="shared.api">
      <metrics statements="2" coveredstatements="2" conditionals="2" coveredconditionals="1" methods="0" coveredmethods="0"/>
      <file name="api.ts" path="/home/rvm/Projects/mern-app/client/src/shared/api/api.ts">
        <metrics statements="2" coveredstatements="2" conditionals="2" coveredconditionals="1" methods="0" coveredmethods="0"/>
        <line num="4" count="1" type="cond" truecount="1" falsecount="1"/>
        <line num="8" count="1" type="stmt"/>
      </file>
    </package>
    <package name="shared.lib.constants">
      <metrics statements="2" coveredstatements="2" conditionals="0" coveredconditionals="0" methods="0" coveredmethods="0"/>
      <file name="index.ts" path="/home/rvm/Projects/mern-app/client/src/shared/lib/constants/index.ts">
        <metrics statements="2" coveredstatements="2" conditionals="0" coveredconditionals="0" methods="0" coveredmethods="0"/>
        <line num="2" count="1" type="stmt"/>
        <line num="3" count="1" type="stmt"/>
      </file>
    </package>
  </project>
</coverage>
