{"/home/rvm/Projects/mern-app/client/src/app/App.tsx": {"path":"/home/rvm/Projects/mern-app/client/src/app/App.tsx","statementMap":{"0":{"start":{"line":7,"column":33},"end":{"line":16,"column":1}},"1":{"start":{"line":8,"column":19},"end":{"line":8,"column":35}},"2":{"start":{"line":10,"column":2},"end":{"line":10,"column":26}},"3":{"start":{"line":11,"column":2},"end":{"line":15,"column":4}}},"fnMap":{"0":{"name":"(anonymous_0)","decl":{"start":{"line":7,"column":33},"end":{"line":7,"column":34}},"loc":{"start":{"line":7,"column":39},"end":{"line":16,"column":1}},"line":7}},"branchMap":{},"s":{"0":1,"1":1,"2":1,"3":1},"f":{"0":1},"b":{},"_coverageSchema":"1a1c01bbd47fc00a2c39e90264f33305004495a9","hash":"943d9240beb3e2305229b2c562c66863ad198b67"}
,"/home/rvm/Projects/mern-app/client/src/app/providers/rtk-provider/index.ts": {"path":"/home/rvm/Projects/mern-app/client/src/app/providers/rtk-provider/index.ts","statementMap":{},"fnMap":{},"branchMap":{},"s":{},"f":{},"b":{},"_coverageSchema":"1a1c01bbd47fc00a2c39e90264f33305004495a9","hash":"db75dcc6eb56b79617c0ff1e7c5c4819f3924c7d"}
,"/home/rvm/Projects/mern-app/client/src/app/providers/rtk-provider/config/reducerManager.ts": {"path":"/home/rvm/Projects/mern-app/client/src/app/providers/rtk-provider/config/reducerManager.ts","statementMap":{"0":{"start":{"line":13,"column":51},"end":{"line":15,"column":3}},"1":{"start":{"line":17,"column":24},"end":{"line":17,"column":49}},"2":{"start":{"line":19,"column":40},"end":{"line":19,"column":42}},"3":{"start":{"line":21,"column":2},"end":{"line":59,"column":4}},"4":{"start":{"line":22,"column":25},"end":{"line":22,"column":33}},"5":{"start":{"line":25,"column":6},"end":{"line":33,"column":7}},"6":{"start":{"line":26,"column":8},"end":{"line":26,"column":29}},"7":{"start":{"line":28,"column":8},"end":{"line":30,"column":9}},"8":{"start":{"line":29,"column":10},"end":{"line":29,"column":28}},"9":{"start":{"line":32,"column":8},"end":{"line":32,"column":26}},"10":{"start":{"line":35,"column":6},"end":{"line":35,"column":44}},"11":{"start":{"line":39,"column":6},"end":{"line":41,"column":7}},"12":{"start":{"line":40,"column":8},"end":{"line":40,"column":15}},"13":{"start":{"line":43,"column":6},"end":{"line":43,"column":30}},"14":{"start":{"line":45,"column":6},"end":{"line":45,"column":50}},"15":{"start":{"line":49,"column":6},"end":{"line":51,"column":7}},"16":{"start":{"line":50,"column":8},"end":{"line":50,"column":15}},"17":{"start":{"line":53,"column":6},"end":{"line":53,"column":27}},"18":{"start":{"line":55,"column":6},"end":{"line":55,"column":29}},"19":{"start":{"line":57,"column":6},"end":{"line":57,"column":50}}},"fnMap":{"0":{"name":"createReducerManager","decl":{"start":{"line":10,"column":16},"end":{"line":10,"column":36}},"loc":{"start":{"line":12,"column":2},"end":{"line":60,"column":1}},"line":12},"1":{"name":"(anonymous_1)","decl":{"start":{"line":22,"column":19},"end":{"line":22,"column":20}},"loc":{"start":{"line":22,"column":25},"end":{"line":22,"column":33}},"line":22},"2":{"name":"(anonymous_2)","decl":{"start":{"line":24,"column":12},"end":{"line":24,"column":13}},"loc":{"start":{"line":24,"column":52},"end":{"line":36,"column":5}},"line":24},"3":{"name":"(anonymous_3)","decl":{"start":{"line":38,"column":9},"end":{"line":38,"column":10}},"loc":{"start":{"line":38,"column":53},"end":{"line":46,"column":5}},"line":38},"4":{"name":"(anonymous_4)","decl":{"start":{"line":48,"column":12},"end":{"line":48,"column":13}},"loc":{"start":{"line":48,"column":38},"end":{"line":58,"column":5}},"line":48}},"branchMap":{"0":{"loc":{"start":{"line":25,"column":6},"end":{"line":33,"column":7}},"type":"if","locations":[{"start":{"line":25,"column":6},"end":{"line":33,"column":7}},{"start":{},"end":{}}],"line":25},"1":{"loc":{"start":{"line":39,"column":6},"end":{"line":41,"column":7}},"type":"if","locations":[{"start":{"line":39,"column":6},"end":{"line":41,"column":7}},{"start":{},"end":{}}],"line":39},"2":{"loc":{"start":{"line":39,"column":10},"end":{"line":39,"column":31}},"type":"binary-expr","locations":[{"start":{"line":39,"column":10},"end":{"line":39,"column":14}},{"start":{"line":39,"column":18},"end":{"line":39,"column":31}}],"line":39},"3":{"loc":{"start":{"line":49,"column":6},"end":{"line":51,"column":7}},"type":"if","locations":[{"start":{"line":49,"column":6},"end":{"line":51,"column":7}},{"start":{},"end":{}}],"line":49},"4":{"loc":{"start":{"line":49,"column":10},"end":{"line":49,"column":32}},"type":"binary-expr","locations":[{"start":{"line":49,"column":10},"end":{"line":49,"column":14}},{"start":{"line":49,"column":18},"end":{"line":49,"column":32}}],"line":49}},"s":{"0":1,"1":1,"2":1,"3":1,"4":0,"5":2,"6":0,"7":0,"8":0,"9":0,"10":2,"11":0,"12":0,"13":0,"14":0,"15":0,"16":0,"17":0,"18":0,"19":0},"f":{"0":1,"1":0,"2":2,"3":0,"4":0},"b":{"0":[0,2],"1":[0,0],"2":[0,0],"3":[0,0],"4":[0,0]},"_coverageSchema":"1a1c01bbd47fc00a2c39e90264f33305004495a9","hash":"e311290c5ad8b08cfbd3867b009e8db3d29b4d45"}
,"/home/rvm/Projects/mern-app/client/src/app/providers/rtk-provider/config/reducers.ts": {"path":"/home/rvm/Projects/mern-app/client/src/app/providers/rtk-provider/config/reducers.ts","statementMap":{"0":{"start":{"line":7,"column":56},"end":{"line":9,"column":1}}},"fnMap":{},"branchMap":{},"s":{"0":1},"f":{},"b":{},"_coverageSchema":"1a1c01bbd47fc00a2c39e90264f33305004495a9","hash":"d3f00e69a2127e4552470a5ea1eced60eb6f974e"}
,"/home/rvm/Projects/mern-app/client/src/app/providers/rtk-provider/config/root.ts": {"path":"/home/rvm/Projects/mern-app/client/src/app/providers/rtk-provider/config/root.ts","statementMap":{"0":{"start":{"line":10,"column":16},"end":{"line":10,"column":46}},"1":{"start":{"line":13,"column":39},"end":{"line":15,"column":3}},"2":{"start":{"line":17,"column":16},"end":{"line":27,"column":24}},"3":{"start":{"line":22,"column":6},"end":{"line":26,"column":8}},"4":{"start":{"line":29,"column":2},"end":{"line":29,"column":33}},"5":{"start":{"line":31,"column":2},"end":{"line":31,"column":15}}},"fnMap":{"0":{"name":"createReduxStore","decl":{"start":{"line":12,"column":16},"end":{"line":12,"column":32}},"loc":{"start":{"line":12,"column":61},"end":{"line":32,"column":1}},"line":12},"1":{"name":"(anonymous_1)","decl":{"start":{"line":21,"column":16},"end":{"line":21,"column":17}},"loc":{"start":{"line":22,"column":6},"end":{"line":26,"column":8}},"line":22}},"branchMap":{},"s":{"0":1,"1":1,"2":1,"3":1,"4":1,"5":1},"f":{"0":1,"1":1},"b":{},"_coverageSchema":"1a1c01bbd47fc00a2c39e90264f33305004495a9","hash":"e5b7594d387175ea34e96a1e3c21bb24a6c4dff0"}
,"/home/rvm/Projects/mern-app/client/src/app/providers/rtk-provider/hooks/index.ts": {"path":"/home/rvm/Projects/mern-app/client/src/app/providers/rtk-provider/hooks/index.ts","statementMap":{"0":{"start":{"line":7,"column":30},"end":{"line":7,"column":54}},"1":{"start":{"line":8,"column":65},"end":{"line":8,"column":76}},"2":{"start":{"line":10,"column":33},"end":{"line":17,"column":1}},"3":{"start":{"line":11,"column":19},"end":{"line":11,"column":35}},"4":{"start":{"line":13,"column":2},"end":{"line":16,"column":4}},"5":{"start":{"line":14,"column":10},"end":{"line":14,"column":47}}},"fnMap":{"0":{"name":"(anonymous_0)","decl":{"start":{"line":10,"column":33},"end":{"line":10,"column":34}},"loc":{"start":{"line":10,"column":71},"end":{"line":17,"column":1}},"line":10},"1":{"name":"(anonymous_1)","decl":{"start":{"line":14,"column":4},"end":{"line":14,"column":5}},"loc":{"start":{"line":14,"column":10},"end":{"line":14,"column":47}},"line":14}},"branchMap":{},"s":{"0":1,"1":1,"2":1,"3":0,"4":0,"5":0},"f":{"0":0,"1":0},"b":{},"_coverageSchema":"1a1c01bbd47fc00a2c39e90264f33305004495a9","hash":"b3d89bdedf27ed03d6c60ee167ebae9d725bea9c"}
,"/home/rvm/Projects/mern-app/client/src/app/providers/rtk-provider/ui/StoreProvider.tsx": {"path":"/home/rvm/Projects/mern-app/client/src/app/providers/rtk-provider/ui/StoreProvider.tsx","statementMap":{"0":{"start":{"line":12,"column":53},"end":{"line":17,"column":1}},"1":{"start":{"line":16,"column":2},"end":{"line":16,"column":80}}},"fnMap":{"0":{"name":"(anonymous_0)","decl":{"start":{"line":12,"column":53},"end":{"line":12,"column":54}},"loc":{"start":{"line":15,"column":6},"end":{"line":17,"column":1}},"line":15}},"branchMap":{},"s":{"0":1,"1":1},"f":{"0":1},"b":{},"_coverageSchema":"1a1c01bbd47fc00a2c39e90264f33305004495a9","hash":"489804216124a4148c1a697b4d50d34df2e8a781"}
,"/home/rvm/Projects/mern-app/client/src/features/login/index.ts": {"path":"/home/rvm/Projects/mern-app/client/src/features/login/index.ts","statementMap":{},"fnMap":{},"branchMap":{},"s":{},"f":{},"b":{},"_coverageSchema":"1a1c01bbd47fc00a2c39e90264f33305004495a9","hash":"bf6b193673b8f3561f447386131d02b37973d09b"}
,"/home/rvm/Projects/mern-app/client/src/features/login/model/api/login.ts": {"path":"/home/rvm/Projects/mern-app/client/src/features/login/model/api/login.ts","statementMap":{"0":{"start":{"line":4,"column":21},"end":{"line":23,"column":1}},"1":{"start":{"line":7,"column":39},"end":{"line":7,"column":47}},"2":{"start":{"line":9,"column":4},"end":{"line":21,"column":5}},"3":{"start":{"line":10,"column":23},"end":{"line":10,"column":64}},"4":{"start":{"line":12,"column":6},"end":{"line":14,"column":7}},"5":{"start":{"line":13,"column":8},"end":{"line":13,"column":51}},"6":{"start":{"line":16,"column":6},"end":{"line":16,"column":27}},"7":{"start":{"line":18,"column":6},"end":{"line":20,"column":7}},"8":{"start":{"line":19,"column":8},"end":{"line":19,"column":46}}},"fnMap":{"0":{"name":"(anonymous_0)","decl":{"start":{"line":6,"column":2},"end":{"line":6,"column":3}},"loc":{"start":{"line":6,"column":47},"end":{"line":22,"column":3}},"line":6}},"branchMap":{"0":{"loc":{"start":{"line":12,"column":6},"end":{"line":14,"column":7}},"type":"if","locations":[{"start":{"line":12,"column":6},"end":{"line":14,"column":7}},{"start":{},"end":{}}],"line":12},"1":{"loc":{"start":{"line":18,"column":6},"end":{"line":20,"column":7}},"type":"if","locations":[{"start":{"line":18,"column":6},"end":{"line":20,"column":7}},{"start":{},"end":{}}],"line":18}},"s":{"0":1,"1":1,"2":1,"3":1,"4":0,"5":0,"6":0,"7":0,"8":0},"f":{"0":1},"b":{"0":[0,0],"1":[0,0]},"_coverageSchema":"1a1c01bbd47fc00a2c39e90264f33305004495a9","hash":"646f882636519720e93f8e16e8e5349661f8449a"}
,"/home/rvm/Projects/mern-app/client/src/features/login/model/slice/loginSlice.ts": {"path":"/home/rvm/Projects/mern-app/client/src/features/login/model/slice/loginSlice.ts","statementMap":{"0":{"start":{"line":5,"column":34},"end":{"line":9,"column":1}},"1":{"start":{"line":11,"column":19},"end":{"line":32,"column":2}},"2":{"start":{"line":16,"column":6},"end":{"line":16,"column":38}},"3":{"start":{"line":20,"column":4},"end":{"line":30,"column":9}},"4":{"start":{"line":22,"column":8},"end":{"line":22,"column":31}},"5":{"start":{"line":25,"column":8},"end":{"line":25,"column":32}},"6":{"start":{"line":28,"column":8},"end":{"line":28,"column":32}},"7":{"start":{"line":29,"column":8},"end":{"line":29,"column":77}},"8":{"start":{"line":29,"column":48},"end":{"line":29,"column":77}},"9":{"start":{"line":34,"column":64},"end":{"line":34,"column":74}}},"fnMap":{"0":{"name":"(anonymous_0)","decl":{"start":{"line":15,"column":4},"end":{"line":15,"column":5}},"loc":{"start":{"line":15,"column":54},"end":{"line":17,"column":5}},"line":15},"1":{"name":"(anonymous_1)","decl":{"start":{"line":19,"column":17},"end":{"line":19,"column":18}},"loc":{"start":{"line":19,"column":30},"end":{"line":31,"column":3}},"line":19},"2":{"name":"(anonymous_2)","decl":{"start":{"line":21,"column":30},"end":{"line":21,"column":31}},"loc":{"start":{"line":21,"column":41},"end":{"line":23,"column":7}},"line":21},"3":{"name":"(anonymous_3)","decl":{"start":{"line":24,"column":32},"end":{"line":24,"column":33}},"loc":{"start":{"line":24,"column":43},"end":{"line":26,"column":7}},"line":24},"4":{"name":"(anonymous_4)","decl":{"start":{"line":27,"column":31},"end":{"line":27,"column":32}},"loc":{"start":{"line":27,"column":50},"end":{"line":30,"column":7}},"line":27}},"branchMap":{"0":{"loc":{"start":{"line":29,"column":8},"end":{"line":29,"column":77}},"type":"if","locations":[{"start":{"line":29,"column":8},"end":{"line":29,"column":77}},{"start":{},"end":{}}],"line":29}},"s":{"0":1,"1":1,"2":0,"3":1,"4":1,"5":0,"6":0,"7":0,"8":0,"9":1},"f":{"0":0,"1":1,"2":1,"3":0,"4":0},"b":{"0":[0,0]},"_coverageSchema":"1a1c01bbd47fc00a2c39e90264f33305004495a9","hash":"f7921294f719da7eee71c18351d154b98a02453e"}
,"/home/rvm/Projects/mern-app/client/src/shared/api/api.ts": {"path":"/home/rvm/Projects/mern-app/client/src/shared/api/api.ts","statementMap":{"0":{"start":{"line":4,"column":16},"end":{"line":6,"column":31}},"1":{"start":{"line":8,"column":20},"end":{"line":10,"column":2}}},"fnMap":{},"branchMap":{"0":{"loc":{"start":{"line":4,"column":16},"end":{"line":6,"column":31}},"type":"cond-expr","locations":[{"start":{"line":5,"column":4},"end":{"line":5,"column":31}},{"start":{"line":6,"column":4},"end":{"line":6,"column":31}}],"line":4}},"s":{"0":1,"1":1},"f":{},"b":{"0":[1,0]},"_coverageSchema":"1a1c01bbd47fc00a2c39e90264f33305004495a9","hash":"139bb51f432f7486a2a97c34399df5d53fd4b9e6"}
,"/home/rvm/Projects/mern-app/client/src/shared/lib/constants/index.ts": {"path":"/home/rvm/Projects/mern-app/client/src/shared/lib/constants/index.ts","statementMap":{"0":{"start":{"line":2,"column":23},"end":{"line":2,"column":43}},"1":{"start":{"line":3,"column":22},"end":{"line":3,"column":41}}},"fnMap":{},"branchMap":{},"s":{"0":1,"1":1},"f":{},"b":{},"_coverageSchema":"1a1c01bbd47fc00a2c39e90264f33305004495a9","hash":"a4aa747c79b40a5eadab3daf00ddec7e86a45b59"}
}
