TN:
SF:src/app/App.tsx
FN:7,(anonymous_0)
FNF:1
FNH:1
FNDA:1,(anonymous_0)
DA:7,1
DA:8,1
DA:10,1
DA:11,1
LF:4
LH:4
BRF:0
BRH:0
end_of_record
TN:
SF:src/app/providers/rtk-provider/index.ts
FNF:0
FNH:0
LF:0
LH:0
BRF:0
BRH:0
end_of_record
TN:
SF:src/app/providers/rtk-provider/config/reducerManager.ts
FN:10,createReducerManager
FN:22,(anonymous_1)
FN:24,(anonymous_2)
FN:38,(anonymous_3)
FN:48,(anonymous_4)
FNF:5
FNH:2
FNDA:1,createReducerManager
FNDA:0,(anonymous_1)
FNDA:2,(anonymous_2)
FNDA:0,(anonymous_3)
FNDA:0,(anonymous_4)
DA:13,1
DA:17,1
DA:19,1
DA:21,1
DA:22,0
DA:25,2
DA:26,0
DA:28,0
DA:29,0
DA:32,0
DA:35,2
DA:39,0
DA:40,0
DA:43,0
DA:45,0
DA:49,0
DA:50,0
DA:53,0
DA:55,0
DA:57,0
LF:20
LH:6
BRDA:25,0,0,0
BRDA:25,0,1,2
BRDA:39,1,0,0
BRDA:39,1,1,0
BRDA:39,2,0,0
BRDA:39,2,1,0
BRDA:49,3,0,0
BRDA:49,3,1,0
BRDA:49,4,0,0
BRDA:49,4,1,0
BRF:10
BRH:1
end_of_record
TN:
SF:src/app/providers/rtk-provider/config/reducers.ts
FNF:0
FNH:0
DA:7,1
LF:1
LH:1
BRF:0
BRH:0
end_of_record
TN:
SF:src/app/providers/rtk-provider/config/root.ts
FN:12,createReduxStore
FN:21,(anonymous_1)
FNF:2
FNH:2
FNDA:1,createReduxStore
FNDA:1,(anonymous_1)
DA:10,1
DA:13,1
DA:17,1
DA:22,1
DA:29,1
DA:31,1
LF:6
LH:6
BRF:0
BRH:0
end_of_record
TN:
SF:src/app/providers/rtk-provider/hooks/index.ts
FN:10,(anonymous_0)
FN:14,(anonymous_1)
FNF:2
FNH:0
FNDA:0,(anonymous_0)
FNDA:0,(anonymous_1)
DA:7,1
DA:8,1
DA:10,1
DA:11,0
DA:13,0
DA:14,0
LF:6
LH:3
BRF:0
BRH:0
end_of_record
TN:
SF:src/app/providers/rtk-provider/ui/StoreProvider.tsx
FN:12,(anonymous_0)
FNF:1
FNH:1
FNDA:1,(anonymous_0)
DA:12,1
DA:16,1
LF:2
LH:2
BRF:0
BRH:0
end_of_record
TN:
SF:src/features/login/index.ts
FNF:0
FNH:0
LF:0
LH:0
BRF:0
BRH:0
end_of_record
TN:
SF:src/features/login/model/api/login.ts
FN:6,(anonymous_0)
FNF:1
FNH:1
FNDA:1,(anonymous_0)
DA:4,1
DA:7,1
DA:9,1
DA:10,1
DA:12,0
DA:13,0
DA:16,0
DA:18,0
DA:19,0
LF:9
LH:4
BRDA:12,0,0,0
BRDA:12,0,1,0
BRDA:18,1,0,0
BRDA:18,1,1,0
BRF:4
BRH:0
end_of_record
TN:
SF:src/features/login/model/slice/loginSlice.ts
FN:15,(anonymous_0)
FN:19,(anonymous_1)
FN:21,(anonymous_2)
FN:24,(anonymous_3)
FN:27,(anonymous_4)
FNF:5
FNH:2
FNDA:0,(anonymous_0)
FNDA:1,(anonymous_1)
FNDA:1,(anonymous_2)
FNDA:0,(anonymous_3)
FNDA:0,(anonymous_4)
DA:5,1
DA:11,1
DA:16,0
DA:20,1
DA:22,1
DA:25,0
DA:28,0
DA:29,0
DA:34,1
LF:9
LH:5
BRDA:29,0,0,0
BRDA:29,0,1,0
BRF:2
BRH:0
end_of_record
TN:
SF:src/shared/api/api.ts
FNF:0
FNH:0
DA:4,1
DA:8,1
LF:2
LH:2
BRDA:4,0,0,1
BRDA:4,0,1,0
BRF:2
BRH:1
end_of_record
TN:
SF:src/shared/lib/constants/index.ts
FNF:0
FNH:0
DA:2,1
DA:3,1
LF:2
LH:2
BRF:0
BRH:0
end_of_record
